
User Configuration
-------------------------------------
Algorithm				:	Minimum_Area
Memory Type				:	Simple_Dual_Port_RAM
Port A Write Width		:	24
Port B Read Width		:	384
Memory Depth			:	256
--------------------------------------------------------------

Block RAM resource(s) (9K BRAMs)		: 0
Block RAM resource(s) (18K BRAMs)		: 12
--------------------------------------------------------------
Clock A Frequency		:  50
Clock B Frequency		:  50
Port A Enable Rate		:  100
Port B Enable Rate		:  100
Port A Write Rate		:  50
Port B Write Rate		:  0
----------------------------------------------------------
Estimated Power for IP : 28.242136 mW
----------------------------------------------------------
